<?xml version="1.0" encoding="UTF-8" ?>
<testsuite tests="82" failures="12" name="TestSuite" time="1,235.7" errors="0" skipped="68">
  <properties>
[...]
</properties>
  <testcase classname="ru.stqa.pft.statr.tests.GenDocument.TestDeleteGenDocument" name="testDeleteGenDocument" time="211.46">
    <failure message="no such element: Unable to locate element: {&quot;method&quot;:&quot;xpath&quot;,&quot;selector&quot;:&quot;//div[.=&apos;autotest&apos;]&quot;}
  (Session info: chrome=57.0.2987.98)
  (Driver info: chromedriver=2.28.455520 (cc17746adff54984afff480136733114c6b3704b),platform=Windows NT 6.1.7601 SP1 x86_64) (WARNING: The server did not provide any stacktrace information)
Command duration or timeout: 200.07 seconds
For documentation on this error, please visit: http://seleniumhq.org/exceptions/no_such_element.html
Build info: version: &apos;2.53.1&apos;, revision: &apos;a36b8b1cd5757287168e54b817830adce9b0158d&apos;, time: &apos;2016-06-30 19:26:09&apos;
System info: host: &apos;artur-petin&apos;, ip: &apos;192.168.5.182&apos;, os.name: &apos;Windows 7&apos;, os.arch: &apos;amd64&apos;, os.version: &apos;6.1&apos;, java.version: &apos;1.8.0_101&apos;
Driver info: org.openqa.selenium.chrome.ChromeDriver
Capabilities [{applicationCacheEnabled=false, rotatable=false, mobileEmulationEnabled=false, networkConnectionEnabled=false, chrome={chromedriverVersion=2.28.455520 (cc17746adff54984afff480136733114c6b3704b), userDataDir=C:\Users\ARTUR~1.PET\AppData\Local\Temp\scoped_dir7700_23904}, takesHeapSnapshot=true, pageLoadStrategy=normal, databaseEnabled=false, handlesAlerts=true, hasTouchScreen=false, version=57.0.2987.98, platform=XP, browserConnectionEnabled=false, nativeEvents=true, acceptSslCerts=true, locationContextEnabled=true, webStorageEnabled=true, browserName=chrome, takesScreenshot=true, javascriptEnabled=true, cssSelectorsEnabled=true, unexpectedAlertBehaviour=}]
Session ID: ec93edd47db7960e803b5c4d453e3d20
*** Element info: {Using=xpath, value=//div[.=&apos;autotest&apos;]}" type="org.openqa.selenium.NoSuchElementException">org.openqa.selenium.NoSuchElementException: no such element: Unable to locate element: {&quot;method&quot;:&quot;xpath&quot;,&quot;selector&quot;:&quot;//div[.=&apos;autotest&apos;]&quot;}
  (Session info: chrome=57.0.2987.98)
  (Driver info: chromedriver=2.28.455520 (cc17746adff54984afff480136733114c6b3704b),platform=Windows NT 6.1.7601 SP1 x86_64) (WARNING: The server did not provide any stacktrace information)
Command duration or timeout: 200.07 seconds
For documentation on this error, please visit: http://seleniumhq.org/exceptions/no_such_element.html
Build info: version: &apos;2.53.1&apos;, revision: &apos;a36b8b1cd5757287168e54b817830adce9b0158d&apos;, time: &apos;2016-06-30 19:26:09&apos;
System info: host: &apos;artur-petin&apos;, ip: &apos;192.168.5.182&apos;, os.name: &apos;Windows 7&apos;, os.arch: &apos;amd64&apos;, os.version: &apos;6.1&apos;, java.version: &apos;1.8.0_101&apos;
Driver info: org.openqa.selenium.chrome.ChromeDriver
Capabilities [{applicationCacheEnabled=false, rotatable=false, mobileEmulationEnabled=false, networkConnectionEnabled=false, chrome={chromedriverVersion=2.28.455520 (cc17746adff54984afff480136733114c6b3704b), userDataDir=C:\Users\ARTUR~1.PET\AppData\Local\Temp\scoped_dir7700_23904}, takesHeapSnapshot=true, pageLoadStrategy=normal, databaseEnabled=false, handlesAlerts=true, hasTouchScreen=false, version=57.0.2987.98, platform=XP, browserConnectionEnabled=false, nativeEvents=true, acceptSslCerts=true, locationContextEnabled=true, webStorageEnabled=true, browserName=chrome, takesScreenshot=true, javascriptEnabled=true, cssSelectorsEnabled=true, unexpectedAlertBehaviour=}]
Session ID: ec93edd47db7960e803b5c4d453e3d20
*** Element info: {Using=xpath, value=//div[.=&apos;autotest&apos;]}
	at sun.reflect.NativeConstructorAccessorImpl.newInstance0(Native Method)
	at sun.reflect.NativeConstructorAccessorImpl.newInstance(NativeConstructorAccessorImpl.java:62)
	at sun.reflect.DelegatingConstructorAccessorImpl.newInstance(DelegatingConstructorAccessorImpl.java:45)
	at java.lang.reflect.Constructor.newInstance(Constructor.java:423)
	at org.openqa.selenium.remote.ErrorHandler.createThrowable(ErrorHandler.java:206)
	at org.openqa.selenium.remote.ErrorHandler.throwIfResponseFailed(ErrorHandler.java:158)
	at org.openqa.selenium.remote.RemoteWebDriver.execute(RemoteWebDriver.java:678)
	at org.openqa.selenium.remote.RemoteWebDriver.findElement(RemoteWebDriver.java:363)
	at org.openqa.selenium.remote.RemoteWebDriver.findElementByXPath(RemoteWebDriver.java:500)
	at org.openqa.selenium.By$ByXPath.findElement(By.java:361)
	at org.openqa.selenium.remote.RemoteWebDriver.findElement(RemoteWebDriver.java:355)
	at ru.stqa.pft.statr.appmanager.ApplicationManager.deleteGenDocument(ApplicationManager.java:632)
	at ru.stqa.pft.statr.tests.GenDocument.TestDeleteGenDocument.testDeleteGenDocument(TestDeleteGenDocument.java:15)
</failure>
    <system-out>Configuring TestNG with: org.apache.maven.surefire.testng.conf.TestNG652Configurator@61064425
</system-out>
    <system-err>Starting ChromeDriver 2.28.455520 (cc17746adff54984afff480136733114c6b3704b) on port 43119
Only local connections are allowed.
</system-err>
  </testcase>
  <testcase classname="ru.stqa.pft.statr.tests.Reference.TestDeleteReference" name="deleteReference" time="21.874"/>
  <testcase classname="ru.stqa.pft.statr.tests.usergroup.TestDeleteUserGroup" name="testdeleteUserGroup" time="211.383">
    <failure message="no such element: Unable to locate element: {&quot;method&quot;:&quot;xpath&quot;,&quot;selector&quot;:&quot;//div[.=&apos;test&apos;]&quot;}
  (Session info: chrome=57.0.2987.98)
  (Driver info: chromedriver=2.28.455520 (cc17746adff54984afff480136733114c6b3704b),platform=Windows NT 6.1.7601 SP1 x86_64) (WARNING: The server did not provide any stacktrace information)
Command duration or timeout: 200.08 seconds
For documentation on this error, please visit: http://seleniumhq.org/exceptions/no_such_element.html
Build info: version: &apos;2.53.1&apos;, revision: &apos;a36b8b1cd5757287168e54b817830adce9b0158d&apos;, time: &apos;2016-06-30 19:26:09&apos;
System info: host: &apos;artur-petin&apos;, ip: &apos;192.168.5.182&apos;, os.name: &apos;Windows 7&apos;, os.arch: &apos;amd64&apos;, os.version: &apos;6.1&apos;, java.version: &apos;1.8.0_101&apos;
Driver info: org.openqa.selenium.chrome.ChromeDriver
Capabilities [{applicationCacheEnabled=false, rotatable=false, mobileEmulationEnabled=false, networkConnectionEnabled=false, chrome={chromedriverVersion=2.28.455520 (cc17746adff54984afff480136733114c6b3704b), userDataDir=C:\Users\ARTUR~1.PET\AppData\Local\Temp\scoped_dir6800_952}, takesHeapSnapshot=true, pageLoadStrategy=normal, databaseEnabled=false, handlesAlerts=true, hasTouchScreen=false, version=57.0.2987.98, platform=XP, browserConnectionEnabled=false, nativeEvents=true, acceptSslCerts=true, locationContextEnabled=true, webStorageEnabled=true, browserName=chrome, takesScreenshot=true, javascriptEnabled=true, cssSelectorsEnabled=true, unexpectedAlertBehaviour=}]
Session ID: 0e0885a9f934d40fe549b4c780853119
*** Element info: {Using=xpath, value=//div[.=&apos;test&apos;]}" type="org.openqa.selenium.NoSuchElementException">org.openqa.selenium.NoSuchElementException: no such element: Unable to locate element: {&quot;method&quot;:&quot;xpath&quot;,&quot;selector&quot;:&quot;//div[.=&apos;test&apos;]&quot;}
  (Session info: chrome=57.0.2987.98)
  (Driver info: chromedriver=2.28.455520 (cc17746adff54984afff480136733114c6b3704b),platform=Windows NT 6.1.7601 SP1 x86_64) (WARNING: The server did not provide any stacktrace information)
Command duration or timeout: 200.08 seconds
For documentation on this error, please visit: http://seleniumhq.org/exceptions/no_such_element.html
Build info: version: &apos;2.53.1&apos;, revision: &apos;a36b8b1cd5757287168e54b817830adce9b0158d&apos;, time: &apos;2016-06-30 19:26:09&apos;
System info: host: &apos;artur-petin&apos;, ip: &apos;192.168.5.182&apos;, os.name: &apos;Windows 7&apos;, os.arch: &apos;amd64&apos;, os.version: &apos;6.1&apos;, java.version: &apos;1.8.0_101&apos;
Driver info: org.openqa.selenium.chrome.ChromeDriver
Capabilities [{applicationCacheEnabled=false, rotatable=false, mobileEmulationEnabled=false, networkConnectionEnabled=false, chrome={chromedriverVersion=2.28.455520 (cc17746adff54984afff480136733114c6b3704b), userDataDir=C:\Users\ARTUR~1.PET\AppData\Local\Temp\scoped_dir6800_952}, takesHeapSnapshot=true, pageLoadStrategy=normal, databaseEnabled=false, handlesAlerts=true, hasTouchScreen=false, version=57.0.2987.98, platform=XP, browserConnectionEnabled=false, nativeEvents=true, acceptSslCerts=true, locationContextEnabled=true, webStorageEnabled=true, browserName=chrome, takesScreenshot=true, javascriptEnabled=true, cssSelectorsEnabled=true, unexpectedAlertBehaviour=}]
Session ID: 0e0885a9f934d40fe549b4c780853119
*** Element info: {Using=xpath, value=//div[.=&apos;test&apos;]}
	at sun.reflect.NativeConstructorAccessorImpl.newInstance0(Native Method)
	at sun.reflect.NativeConstructorAccessorImpl.newInstance(NativeConstructorAccessorImpl.java:62)
	at sun.reflect.DelegatingConstructorAccessorImpl.newInstance(DelegatingConstructorAccessorImpl.java:45)
	at java.lang.reflect.Constructor.newInstance(Constructor.java:423)
	at org.openqa.selenium.remote.ErrorHandler.createThrowable(ErrorHandler.java:206)
	at org.openqa.selenium.remote.ErrorHandler.throwIfResponseFailed(ErrorHandler.java:158)
	at org.openqa.selenium.remote.RemoteWebDriver.execute(RemoteWebDriver.java:678)
	at org.openqa.selenium.remote.RemoteWebDriver.findElement(RemoteWebDriver.java:363)
	at org.openqa.selenium.remote.RemoteWebDriver.findElementByXPath(RemoteWebDriver.java:500)
	at org.openqa.selenium.By$ByXPath.findElement(By.java:361)
	at org.openqa.selenium.remote.RemoteWebDriver.findElement(RemoteWebDriver.java:355)
	at ru.stqa.pft.statr.appmanager.ApplicationManager.deleteUserGroup(ApplicationManager.java:577)
	at ru.stqa.pft.statr.tests.usergroup.TestDeleteUserGroup.testdeleteUserGroup(TestDeleteUserGroup.java:14)
</failure>
    <system-err>Starting ChromeDriver 2.28.455520 (cc17746adff54984afff480136733114c6b3704b) on port 36435
Only local connections are allowed.
</system-err>
  </testcase>
  <testcase classname="ru.stqa.pft.statr.tests.status.TestDeletestatus" name="testdeletestatus" time="5.67">
    <failure type="java.lang.NullPointerException">java.lang.NullPointerException
	at ru.stqa.pft.statr.appmanager.ApplicationManager.deletestatus(ApplicationManager.java:513)
	at ru.stqa.pft.statr.tests.status.TestDeletestatus.testdeletestatus(TestDeletestatus.java:14)
</failure>
    <system-err>Starting ChromeDriver 2.28.455520 (cc17746adff54984afff480136733114c6b3704b) on port 38499
Only local connections are allowed.
[9.164][SEVERE]: Unable to receive message from renderer
</system-err>
  </testcase>
  <testcase classname="ru.stqa.pft.statr.tests.testuser.TestDeleteusers" name="testdeleteusers" time="55.385">
    <failure message="chrome not reachable
  (Session info: chrome=57.0.2987.98)
  (Driver info: chromedriver=2.28.455520 (cc17746adff54984afff480136733114c6b3704b),platform=Windows NT 6.1.7601 SP1 x86_64) (WARNING: The server did not provide any stacktrace information)
Command duration or timeout: 4.11 seconds
Build info: version: &apos;2.53.1&apos;, revision: &apos;a36b8b1cd5757287168e54b817830adce9b0158d&apos;, time: &apos;2016-06-30 19:26:09&apos;
System info: host: &apos;artur-petin&apos;, ip: &apos;192.168.5.182&apos;, os.name: &apos;Windows 7&apos;, os.arch: &apos;amd64&apos;, os.version: &apos;6.1&apos;, java.version: &apos;1.8.0_101&apos;
Driver info: org.openqa.selenium.chrome.ChromeDriver
Capabilities [{applicationCacheEnabled=false, rotatable=false, mobileEmulationEnabled=false, networkConnectionEnabled=false, chrome={chromedriverVersion=2.28.455520 (cc17746adff54984afff480136733114c6b3704b), userDataDir=C:\Users\ARTUR~1.PET\AppData\Local\Temp\scoped_dir6732_3027}, takesHeapSnapshot=true, pageLoadStrategy=normal, databaseEnabled=false, handlesAlerts=true, hasTouchScreen=false, version=57.0.2987.98, platform=XP, browserConnectionEnabled=false, nativeEvents=true, acceptSslCerts=true, locationContextEnabled=true, webStorageEnabled=true, browserName=chrome, takesScreenshot=true, javascriptEnabled=true, cssSelectorsEnabled=true, unexpectedAlertBehaviour=}]
Session ID: 1fca0efd10efc8eb7861ea773006c559
*** Element info: {Using=css selector, value=#q &gt; input}" type="org.openqa.selenium.WebDriverException">org.openqa.selenium.WebDriverException: chrome not reachable
  (Session info: chrome=57.0.2987.98)
  (Driver info: chromedriver=2.28.455520 (cc17746adff54984afff480136733114c6b3704b),platform=Windows NT 6.1.7601 SP1 x86_64) (WARNING: The server did not provide any stacktrace information)
Command duration or timeout: 4.11 seconds
Build info: version: &apos;2.53.1&apos;, revision: &apos;a36b8b1cd5757287168e54b817830adce9b0158d&apos;, time: &apos;2016-06-30 19:26:09&apos;
System info: host: &apos;artur-petin&apos;, ip: &apos;192.168.5.182&apos;, os.name: &apos;Windows 7&apos;, os.arch: &apos;amd64&apos;, os.version: &apos;6.1&apos;, java.version: &apos;1.8.0_101&apos;
Driver info: org.openqa.selenium.chrome.ChromeDriver
Capabilities [{applicationCacheEnabled=false, rotatable=false, mobileEmulationEnabled=false, networkConnectionEnabled=false, chrome={chromedriverVersion=2.28.455520 (cc17746adff54984afff480136733114c6b3704b), userDataDir=C:\Users\ARTUR~1.PET\AppData\Local\Temp\scoped_dir6732_3027}, takesHeapSnapshot=true, pageLoadStrategy=normal, databaseEnabled=false, handlesAlerts=true, hasTouchScreen=false, version=57.0.2987.98, platform=XP, browserConnectionEnabled=false, nativeEvents=true, acceptSslCerts=true, locationContextEnabled=true, webStorageEnabled=true, browserName=chrome, takesScreenshot=true, javascriptEnabled=true, cssSelectorsEnabled=true, unexpectedAlertBehaviour=}]
Session ID: 1fca0efd10efc8eb7861ea773006c559
*** Element info: {Using=css selector, value=#q &gt; input}
	at sun.reflect.NativeConstructorAccessorImpl.newInstance0(Native Method)
	at sun.reflect.NativeConstructorAccessorImpl.newInstance(NativeConstructorAccessorImpl.java:62)
	at sun.reflect.DelegatingConstructorAccessorImpl.newInstance(DelegatingConstructorAccessorImpl.java:45)
	at java.lang.reflect.Constructor.newInstance(Constructor.java:423)
	at org.openqa.selenium.remote.ErrorHandler.createThrowable(ErrorHandler.java:206)
	at org.openqa.selenium.remote.ErrorHandler.throwIfResponseFailed(ErrorHandler.java:158)
	at org.openqa.selenium.remote.RemoteWebDriver.execute(RemoteWebDriver.java:678)
	at org.openqa.selenium.remote.RemoteWebDriver.findElement(RemoteWebDriver.java:363)
	at org.openqa.selenium.remote.RemoteWebDriver.findElementByCssSelector(RemoteWebDriver.java:492)
	at org.openqa.selenium.By$ByCssSelector.findElement(By.java:430)
	at org.openqa.selenium.remote.RemoteWebDriver.findElement(RemoteWebDriver.java:355)
	at ru.stqa.pft.statr.appmanager.ApplicationManager.poiskuser(ApplicationManager.java:470)
	at ru.stqa.pft.statr.tests.testuser.TestDeleteusers.testdeleteusers(TestDeleteusers.java:15)
</failure>
    <system-err>Starting ChromeDriver 2.28.455520 (cc17746adff54984afff480136733114c6b3704b) on port 6659
Only local connections are allowed.
</system-err>
  </testcase>
  <testcase classname="ru.stqa.pft.statr.tests.Reference.znachReference.TestDeleteznachReference" name="testReference" time="209.147">
    <failure message="no such element: Unable to locate element: {&quot;method&quot;:&quot;xpath&quot;,&quot;selector&quot;:&quot;//div[.=&apos;test&apos;]&quot;}
  (Session info: chrome=57.0.2987.98)
  (Driver info: chromedriver=2.28.455520 (cc17746adff54984afff480136733114c6b3704b),platform=Windows NT 6.1.7601 SP1 x86_64) (WARNING: The server did not provide any stacktrace information)
Command duration or timeout: 200.04 seconds
For documentation on this error, please visit: http://seleniumhq.org/exceptions/no_such_element.html
Build info: version: &apos;2.53.1&apos;, revision: &apos;a36b8b1cd5757287168e54b817830adce9b0158d&apos;, time: &apos;2016-06-30 19:26:09&apos;
System info: host: &apos;artur-petin&apos;, ip: &apos;192.168.5.182&apos;, os.name: &apos;Windows 7&apos;, os.arch: &apos;amd64&apos;, os.version: &apos;6.1&apos;, java.version: &apos;1.8.0_101&apos;
Driver info: org.openqa.selenium.chrome.ChromeDriver
Capabilities [{applicationCacheEnabled=false, rotatable=false, mobileEmulationEnabled=false, networkConnectionEnabled=false, chrome={chromedriverVersion=2.28.455520 (cc17746adff54984afff480136733114c6b3704b), userDataDir=C:\Users\ARTUR~1.PET\AppData\Local\Temp\scoped_dir3160_21738}, takesHeapSnapshot=true, pageLoadStrategy=normal, databaseEnabled=false, handlesAlerts=true, hasTouchScreen=false, version=57.0.2987.98, platform=XP, browserConnectionEnabled=false, nativeEvents=true, acceptSslCerts=true, locationContextEnabled=true, webStorageEnabled=true, browserName=chrome, takesScreenshot=true, javascriptEnabled=true, cssSelectorsEnabled=true, unexpectedAlertBehaviour=}]
Session ID: f522b40d2ddb83a4ff3a782403205136
*** Element info: {Using=xpath, value=//div[.=&apos;test&apos;]}" type="org.openqa.selenium.NoSuchElementException">org.openqa.selenium.NoSuchElementException: no such element: Unable to locate element: {&quot;method&quot;:&quot;xpath&quot;,&quot;selector&quot;:&quot;//div[.=&apos;test&apos;]&quot;}
  (Session info: chrome=57.0.2987.98)
  (Driver info: chromedriver=2.28.455520 (cc17746adff54984afff480136733114c6b3704b),platform=Windows NT 6.1.7601 SP1 x86_64) (WARNING: The server did not provide any stacktrace information)
Command duration or timeout: 200.04 seconds
For documentation on this error, please visit: http://seleniumhq.org/exceptions/no_such_element.html
Build info: version: &apos;2.53.1&apos;, revision: &apos;a36b8b1cd5757287168e54b817830adce9b0158d&apos;, time: &apos;2016-06-30 19:26:09&apos;
System info: host: &apos;artur-petin&apos;, ip: &apos;192.168.5.182&apos;, os.name: &apos;Windows 7&apos;, os.arch: &apos;amd64&apos;, os.version: &apos;6.1&apos;, java.version: &apos;1.8.0_101&apos;
Driver info: org.openqa.selenium.chrome.ChromeDriver
Capabilities [{applicationCacheEnabled=false, rotatable=false, mobileEmulationEnabled=false, networkConnectionEnabled=false, chrome={chromedriverVersion=2.28.455520 (cc17746adff54984afff480136733114c6b3704b), userDataDir=C:\Users\ARTUR~1.PET\AppData\Local\Temp\scoped_dir3160_21738}, takesHeapSnapshot=true, pageLoadStrategy=normal, databaseEnabled=false, handlesAlerts=true, hasTouchScreen=false, version=57.0.2987.98, platform=XP, browserConnectionEnabled=false, nativeEvents=true, acceptSslCerts=true, locationContextEnabled=true, webStorageEnabled=true, browserName=chrome, takesScreenshot=true, javascriptEnabled=true, cssSelectorsEnabled=true, unexpectedAlertBehaviour=}]
Session ID: f522b40d2ddb83a4ff3a782403205136
*** Element info: {Using=xpath, value=//div[.=&apos;test&apos;]}
	at sun.reflect.NativeConstructorAccessorImpl.newInstance0(Native Method)
	at sun.reflect.NativeConstructorAccessorImpl.newInstance(NativeConstructorAccessorImpl.java:62)
	at sun.reflect.DelegatingConstructorAccessorImpl.newInstance(DelegatingConstructorAccessorImpl.java:45)
	at java.lang.reflect.Constructor.newInstance(Constructor.java:423)
	at org.openqa.selenium.remote.ErrorHandler.createThrowable(ErrorHandler.java:206)
	at org.openqa.selenium.remote.ErrorHandler.throwIfResponseFailed(ErrorHandler.java:158)
	at org.openqa.selenium.remote.RemoteWebDriver.execute(RemoteWebDriver.java:678)
	at org.openqa.selenium.remote.RemoteWebDriver.findElement(RemoteWebDriver.java:363)
	at org.openqa.selenium.remote.RemoteWebDriver.findElementByXPath(RemoteWebDriver.java:500)
	at org.openqa.selenium.By$ByXPath.findElement(By.java:361)
	at org.openqa.selenium.remote.RemoteWebDriver.findElement(RemoteWebDriver.java:355)
	at ru.stqa.pft.statr.appmanager.ApplicationManager.deleteZnachReference(ApplicationManager.java:560)
	at ru.stqa.pft.statr.tests.Reference.znachReference.TestDeleteznachReference.testReference(TestDeleteznachReference.java:16)
</failure>
    <system-err>Starting ChromeDriver 2.28.455520 (cc17746adff54984afff480136733114c6b3704b) on port 16517
Only local connections are allowed.
</system-err>
  </testcase>
  <testcase classname="ru.stqa.pft.statr.tests.GenDocument.TestEditGenDocument" name="testeditGenDocument" time="211.954">
    <failure message="no such element: Unable to locate element: {&quot;method&quot;:&quot;xpath&quot;,&quot;selector&quot;:&quot;//div[.=&apos;autotest&apos;]&quot;}
  (Session info: chrome=57.0.2987.98)
  (Driver info: chromedriver=2.28.455520 (cc17746adff54984afff480136733114c6b3704b),platform=Windows NT 6.1.7601 SP1 x86_64) (WARNING: The server did not provide any stacktrace information)
Command duration or timeout: 200.04 seconds
For documentation on this error, please visit: http://seleniumhq.org/exceptions/no_such_element.html
Build info: version: &apos;2.53.1&apos;, revision: &apos;a36b8b1cd5757287168e54b817830adce9b0158d&apos;, time: &apos;2016-06-30 19:26:09&apos;
System info: host: &apos;artur-petin&apos;, ip: &apos;192.168.5.182&apos;, os.name: &apos;Windows 7&apos;, os.arch: &apos;amd64&apos;, os.version: &apos;6.1&apos;, java.version: &apos;1.8.0_101&apos;
Driver info: org.openqa.selenium.chrome.ChromeDriver
Capabilities [{applicationCacheEnabled=false, rotatable=false, mobileEmulationEnabled=false, networkConnectionEnabled=false, chrome={chromedriverVersion=2.28.455520 (cc17746adff54984afff480136733114c6b3704b), userDataDir=C:\Users\ARTUR~1.PET\AppData\Local\Temp\scoped_dir9116_24529}, takesHeapSnapshot=true, pageLoadStrategy=normal, databaseEnabled=false, handlesAlerts=true, hasTouchScreen=false, version=57.0.2987.98, platform=XP, browserConnectionEnabled=false, nativeEvents=true, acceptSslCerts=true, locationContextEnabled=true, webStorageEnabled=true, browserName=chrome, takesScreenshot=true, javascriptEnabled=true, cssSelectorsEnabled=true, unexpectedAlertBehaviour=}]
Session ID: e9aa1bb2d8ead4c7b8730b3cd28ffc65
*** Element info: {Using=xpath, value=//div[.=&apos;autotest&apos;]}" type="org.openqa.selenium.NoSuchElementException">org.openqa.selenium.NoSuchElementException: no such element: Unable to locate element: {&quot;method&quot;:&quot;xpath&quot;,&quot;selector&quot;:&quot;//div[.=&apos;autotest&apos;]&quot;}
  (Session info: chrome=57.0.2987.98)
  (Driver info: chromedriver=2.28.455520 (cc17746adff54984afff480136733114c6b3704b),platform=Windows NT 6.1.7601 SP1 x86_64) (WARNING: The server did not provide any stacktrace information)
Command duration or timeout: 200.04 seconds
For documentation on this error, please visit: http://seleniumhq.org/exceptions/no_such_element.html
Build info: version: &apos;2.53.1&apos;, revision: &apos;a36b8b1cd5757287168e54b817830adce9b0158d&apos;, time: &apos;2016-06-30 19:26:09&apos;
System info: host: &apos;artur-petin&apos;, ip: &apos;192.168.5.182&apos;, os.name: &apos;Windows 7&apos;, os.arch: &apos;amd64&apos;, os.version: &apos;6.1&apos;, java.version: &apos;1.8.0_101&apos;
Driver info: org.openqa.selenium.chrome.ChromeDriver
Capabilities [{applicationCacheEnabled=false, rotatable=false, mobileEmulationEnabled=false, networkConnectionEnabled=false, chrome={chromedriverVersion=2.28.455520 (cc17746adff54984afff480136733114c6b3704b), userDataDir=C:\Users\ARTUR~1.PET\AppData\Local\Temp\scoped_dir9116_24529}, takesHeapSnapshot=true, pageLoadStrategy=normal, databaseEnabled=false, handlesAlerts=true, hasTouchScreen=false, version=57.0.2987.98, platform=XP, browserConnectionEnabled=false, nativeEvents=true, acceptSslCerts=true, locationContextEnabled=true, webStorageEnabled=true, browserName=chrome, takesScreenshot=true, javascriptEnabled=true, cssSelectorsEnabled=true, unexpectedAlertBehaviour=}]
Session ID: e9aa1bb2d8ead4c7b8730b3cd28ffc65
*** Element info: {Using=xpath, value=//div[.=&apos;autotest&apos;]}
	at sun.reflect.NativeConstructorAccessorImpl.newInstance0(Native Method)
	at sun.reflect.NativeConstructorAccessorImpl.newInstance(NativeConstructorAccessorImpl.java:62)
	at sun.reflect.DelegatingConstructorAccessorImpl.newInstance(DelegatingConstructorAccessorImpl.java:45)
	at java.lang.reflect.Constructor.newInstance(Constructor.java:423)
	at org.openqa.selenium.remote.ErrorHandler.createThrowable(ErrorHandler.java:206)
	at org.openqa.selenium.remote.ErrorHandler.throwIfResponseFailed(ErrorHandler.java:158)
	at org.openqa.selenium.remote.RemoteWebDriver.execute(RemoteWebDriver.java:678)
	at org.openqa.selenium.remote.RemoteWebDriver.findElement(RemoteWebDriver.java:363)
	at org.openqa.selenium.remote.RemoteWebDriver.findElementByXPath(RemoteWebDriver.java:500)
	at org.openqa.selenium.By$ByXPath.findElement(By.java:361)
	at org.openqa.selenium.remote.RemoteWebDriver.findElement(RemoteWebDriver.java:355)
	at ru.stqa.pft.statr.appmanager.ApplicationManager.editGenDocument(ApplicationManager.java:624)
	at ru.stqa.pft.statr.tests.GenDocument.TestEditGenDocument.testeditGenDocument(TestEditGenDocument.java:15)
</failure>
    <system-err>Starting ChromeDriver 2.28.455520 (cc17746adff54984afff480136733114c6b3704b) on port 31593
Only local connections are allowed.
</system-err>
  </testcase>
  <testcase classname="ru.stqa.pft.statr.tests.Reference.TestEditReference" name="testeditReference" time="14.247"/>
  <testcase classname="ru.stqa.pft.statr.tests.usergroup.TestEditUserGroup" name="testeditUserGroup" time="211.456">
    <failure message="no such element: Unable to locate element: {&quot;method&quot;:&quot;xpath&quot;,&quot;selector&quot;:&quot;//div[.=&apos;test&apos;]&quot;}
  (Session info: chrome=57.0.2987.98)
  (Driver info: chromedriver=2.28.455520 (cc17746adff54984afff480136733114c6b3704b),platform=Windows NT 6.1.7601 SP1 x86_64) (WARNING: The server did not provide any stacktrace information)
Command duration or timeout: 200.06 seconds
For documentation on this error, please visit: http://seleniumhq.org/exceptions/no_such_element.html
Build info: version: &apos;2.53.1&apos;, revision: &apos;a36b8b1cd5757287168e54b817830adce9b0158d&apos;, time: &apos;2016-06-30 19:26:09&apos;
System info: host: &apos;artur-petin&apos;, ip: &apos;192.168.5.182&apos;, os.name: &apos;Windows 7&apos;, os.arch: &apos;amd64&apos;, os.version: &apos;6.1&apos;, java.version: &apos;1.8.0_101&apos;
Driver info: org.openqa.selenium.chrome.ChromeDriver
Capabilities [{applicationCacheEnabled=false, rotatable=false, mobileEmulationEnabled=false, networkConnectionEnabled=false, chrome={chromedriverVersion=2.28.455520 (cc17746adff54984afff480136733114c6b3704b), userDataDir=C:\Users\ARTUR~1.PET\AppData\Local\Temp\scoped_dir6052_24552}, takesHeapSnapshot=true, pageLoadStrategy=normal, databaseEnabled=false, handlesAlerts=true, hasTouchScreen=false, version=57.0.2987.98, platform=XP, browserConnectionEnabled=false, nativeEvents=true, acceptSslCerts=true, locationContextEnabled=true, webStorageEnabled=true, browserName=chrome, takesScreenshot=true, javascriptEnabled=true, cssSelectorsEnabled=true, unexpectedAlertBehaviour=}]
Session ID: 9b69ac0d02e57a015ddf2bcb1f682083
*** Element info: {Using=xpath, value=//div[.=&apos;test&apos;]}" type="org.openqa.selenium.NoSuchElementException">org.openqa.selenium.NoSuchElementException: no such element: Unable to locate element: {&quot;method&quot;:&quot;xpath&quot;,&quot;selector&quot;:&quot;//div[.=&apos;test&apos;]&quot;}
  (Session info: chrome=57.0.2987.98)
  (Driver info: chromedriver=2.28.455520 (cc17746adff54984afff480136733114c6b3704b),platform=Windows NT 6.1.7601 SP1 x86_64) (WARNING: The server did not provide any stacktrace information)
Command duration or timeout: 200.06 seconds
For documentation on this error, please visit: http://seleniumhq.org/exceptions/no_such_element.html
Build info: version: &apos;2.53.1&apos;, revision: &apos;a36b8b1cd5757287168e54b817830adce9b0158d&apos;, time: &apos;2016-06-30 19:26:09&apos;
System info: host: &apos;artur-petin&apos;, ip: &apos;192.168.5.182&apos;, os.name: &apos;Windows 7&apos;, os.arch: &apos;amd64&apos;, os.version: &apos;6.1&apos;, java.version: &apos;1.8.0_101&apos;
Driver info: org.openqa.selenium.chrome.ChromeDriver
Capabilities [{applicationCacheEnabled=false, rotatable=false, mobileEmulationEnabled=false, networkConnectionEnabled=false, chrome={chromedriverVersion=2.28.455520 (cc17746adff54984afff480136733114c6b3704b), userDataDir=C:\Users\ARTUR~1.PET\AppData\Local\Temp\scoped_dir6052_24552}, takesHeapSnapshot=true, pageLoadStrategy=normal, databaseEnabled=false, handlesAlerts=true, hasTouchScreen=false, version=57.0.2987.98, platform=XP, browserConnectionEnabled=false, nativeEvents=true, acceptSslCerts=true, locationContextEnabled=true, webStorageEnabled=true, browserName=chrome, takesScreenshot=true, javascriptEnabled=true, cssSelectorsEnabled=true, unexpectedAlertBehaviour=}]
Session ID: 9b69ac0d02e57a015ddf2bcb1f682083
*** Element info: {Using=xpath, value=//div[.=&apos;test&apos;]}
	at sun.reflect.NativeConstructorAccessorImpl.newInstance0(Native Method)
	at sun.reflect.NativeConstructorAccessorImpl.newInstance(NativeConstructorAccessorImpl.java:62)
	at sun.reflect.DelegatingConstructorAccessorImpl.newInstance(DelegatingConstructorAccessorImpl.java:45)
	at java.lang.reflect.Constructor.newInstance(Constructor.java:423)
	at org.openqa.selenium.remote.ErrorHandler.createThrowable(ErrorHandler.java:206)
	at org.openqa.selenium.remote.ErrorHandler.throwIfResponseFailed(ErrorHandler.java:158)
	at org.openqa.selenium.remote.RemoteWebDriver.execute(RemoteWebDriver.java:678)
	at org.openqa.selenium.remote.RemoteWebDriver.findElement(RemoteWebDriver.java:363)
	at org.openqa.selenium.remote.RemoteWebDriver.findElementByXPath(RemoteWebDriver.java:500)
	at org.openqa.selenium.By$ByXPath.findElement(By.java:361)
	at org.openqa.selenium.remote.RemoteWebDriver.findElement(RemoteWebDriver.java:355)
	at ru.stqa.pft.statr.appmanager.ApplicationManager.editUserGroup(ApplicationManager.java:571)
	at ru.stqa.pft.statr.tests.usergroup.TestEditUserGroup.testeditUserGroup(TestEditUserGroup.java:14)
</failure>
    <system-err>Starting ChromeDriver 2.28.455520 (cc17746adff54984afff480136733114c6b3704b) on port 22745
Only local connections are allowed.
</system-err>
  </testcase>
  <testcase classname="ru.stqa.pft.statr.tests.status.TestEditstatus" name="testeditstatus" time="13.877">
    <failure type="java.lang.NullPointerException">java.lang.NullPointerException
	at ru.stqa.pft.statr.appmanager.ApplicationManager.editstatus(ApplicationManager.java:505)
	at ru.stqa.pft.statr.tests.status.TestEditstatus.testeditstatus(TestEditstatus.java:15)
</failure>
    <system-err>Starting ChromeDriver 2.28.455520 (cc17746adff54984afff480136733114c6b3704b) on port 37509
Only local connections are allowed.
[18.762][SEVERE]: Unable to receive message from renderer
</system-err>
  </testcase>
  <testcase classname="ru.stqa.pft.statr.tests.testuser.TestEditusers" name="testeditusers" time="62.12">
    <failure message="chrome not reachable
  (Session info: chrome=57.0.2987.98)
  (Driver info: chromedriver=2.28.455520 (cc17746adff54984afff480136733114c6b3704b),platform=Windows NT 6.1.7601 SP1 x86_64) (WARNING: The server did not provide any stacktrace information)
Command duration or timeout: 4.01 seconds
Build info: version: &apos;2.53.1&apos;, revision: &apos;a36b8b1cd5757287168e54b817830adce9b0158d&apos;, time: &apos;2016-06-30 19:26:09&apos;
System info: host: &apos;artur-petin&apos;, ip: &apos;192.168.5.182&apos;, os.name: &apos;Windows 7&apos;, os.arch: &apos;amd64&apos;, os.version: &apos;6.1&apos;, java.version: &apos;1.8.0_101&apos;
Driver info: org.openqa.selenium.chrome.ChromeDriver
Capabilities [{applicationCacheEnabled=false, rotatable=false, mobileEmulationEnabled=false, networkConnectionEnabled=false, chrome={chromedriverVersion=2.28.455520 (cc17746adff54984afff480136733114c6b3704b), userDataDir=C:\Users\ARTUR~1.PET\AppData\Local\Temp\scoped_dir5936_7758}, takesHeapSnapshot=true, pageLoadStrategy=normal, databaseEnabled=false, handlesAlerts=true, hasTouchScreen=false, version=57.0.2987.98, platform=XP, browserConnectionEnabled=false, nativeEvents=true, acceptSslCerts=true, locationContextEnabled=true, webStorageEnabled=true, browserName=chrome, takesScreenshot=true, javascriptEnabled=true, cssSelectorsEnabled=true, unexpectedAlertBehaviour=}]
Session ID: c4657ccaddc9a049f9dfa61c49d6a9a2
*** Element info: {Using=css selector, value=#q &gt; input}" type="org.openqa.selenium.WebDriverException">org.openqa.selenium.WebDriverException: chrome not reachable
  (Session info: chrome=57.0.2987.98)
  (Driver info: chromedriver=2.28.455520 (cc17746adff54984afff480136733114c6b3704b),platform=Windows NT 6.1.7601 SP1 x86_64) (WARNING: The server did not provide any stacktrace information)
Command duration or timeout: 4.01 seconds
Build info: version: &apos;2.53.1&apos;, revision: &apos;a36b8b1cd5757287168e54b817830adce9b0158d&apos;, time: &apos;2016-06-30 19:26:09&apos;
System info: host: &apos;artur-petin&apos;, ip: &apos;192.168.5.182&apos;, os.name: &apos;Windows 7&apos;, os.arch: &apos;amd64&apos;, os.version: &apos;6.1&apos;, java.version: &apos;1.8.0_101&apos;
Driver info: org.openqa.selenium.chrome.ChromeDriver
Capabilities [{applicationCacheEnabled=false, rotatable=false, mobileEmulationEnabled=false, networkConnectionEnabled=false, chrome={chromedriverVersion=2.28.455520 (cc17746adff54984afff480136733114c6b3704b), userDataDir=C:\Users\ARTUR~1.PET\AppData\Local\Temp\scoped_dir5936_7758}, takesHeapSnapshot=true, pageLoadStrategy=normal, databaseEnabled=false, handlesAlerts=true, hasTouchScreen=false, version=57.0.2987.98, platform=XP, browserConnectionEnabled=false, nativeEvents=true, acceptSslCerts=true, locationContextEnabled=true, webStorageEnabled=true, browserName=chrome, takesScreenshot=true, javascriptEnabled=true, cssSelectorsEnabled=true, unexpectedAlertBehaviour=}]
Session ID: c4657ccaddc9a049f9dfa61c49d6a9a2
*** Element info: {Using=css selector, value=#q &gt; input}
	at sun.reflect.NativeConstructorAccessorImpl.newInstance0(Native Method)
	at sun.reflect.NativeConstructorAccessorImpl.newInstance(NativeConstructorAccessorImpl.java:62)
	at sun.reflect.DelegatingConstructorAccessorImpl.newInstance(DelegatingConstructorAccessorImpl.java:45)
	at java.lang.reflect.Constructor.newInstance(Constructor.java:423)
	at org.openqa.selenium.remote.ErrorHandler.createThrowable(ErrorHandler.java:206)
	at org.openqa.selenium.remote.ErrorHandler.throwIfResponseFailed(ErrorHandler.java:158)
	at org.openqa.selenium.remote.RemoteWebDriver.execute(RemoteWebDriver.java:678)
	at org.openqa.selenium.remote.RemoteWebDriver.findElement(RemoteWebDriver.java:363)
	at org.openqa.selenium.remote.RemoteWebDriver.findElementByCssSelector(RemoteWebDriver.java:492)
	at org.openqa.selenium.By$ByCssSelector.findElement(By.java:430)
	at org.openqa.selenium.remote.RemoteWebDriver.findElement(RemoteWebDriver.java:355)
	at ru.stqa.pft.statr.appmanager.ApplicationManager.poiskuser(ApplicationManager.java:470)
	at ru.stqa.pft.statr.tests.testuser.TestEditusers.testeditusers(TestEditusers.java:15)
</failure>
    <system-err>Starting ChromeDriver 2.28.455520 (cc17746adff54984afff480136733114c6b3704b) on port 1547
Only local connections are allowed.
</system-err>
  </testcase>
  <testcase classname="ru.stqa.pft.statr.tests.Reference.znachReference.TestEditznachReference" name="testReference" time="2.752">
    <failure type="java.lang.NullPointerException">java.lang.NullPointerException
	at ru.stqa.pft.statr.appmanager.ApplicationManager.goToReference(ApplicationManager.java:99)
	at ru.stqa.pft.statr.tests.Reference.znachReference.TestEditznachReference.testReference(TestEditznachReference.java:13)
</failure>
    <system-err>Starting ChromeDriver 2.28.455520 (cc17746adff54984afff480136733114c6b3704b) on port 30445
Only local connections are allowed.
[6.020][SEVERE]: Unable to receive message from renderer
</system-err>
  </testcase>
  <testcase classname="ru.stqa.pft.statr.tests.testforms.TestEight" name="testStatistics" time="0.322">
    <failure type="java.lang.NullPointerException">java.lang.NullPointerException
	at ru.stqa.pft.statr.appmanager.ApplicationManager.goToStatistics(ApplicationManager.java:108)
	at ru.stqa.pft.statr.tests.testforms.TestEight.testStatistics(TestEight.java:12)
</failure>
    <system-err>Starting ChromeDriver 2.28.455520 (cc17746adff54984afff480136733114c6b3704b) on port 21575
Only local connections are allowed.
[4.105][SEVERE]: Unable to receive message from renderer
</system-err>
  </testcase>
  <testcase classname="ru.stqa.pft.statr.tests.testforms.TestEighteen" name="setUp" time="3.927">
    <failure message="no such window: target window already closed
from unknown error: web view not found
  (Session info: chrome=57.0.2987.98)
  (Driver info: chromedriver=2.28.455520 (cc17746adff54984afff480136733114c6b3704b),platform=Windows NT 6.1.7601 SP1 x86_64) (WARNING: The server did not provide any stacktrace information)
Command duration or timeout: 1 milliseconds
Build info: version: &apos;2.53.1&apos;, revision: &apos;a36b8b1cd5757287168e54b817830adce9b0158d&apos;, time: &apos;2016-06-30 19:26:09&apos;
System info: host: &apos;artur-petin&apos;, ip: &apos;192.168.5.182&apos;, os.name: &apos;Windows 7&apos;, os.arch: &apos;amd64&apos;, os.version: &apos;6.1&apos;, java.version: &apos;1.8.0_101&apos;
Driver info: org.openqa.selenium.chrome.ChromeDriver
Capabilities [{applicationCacheEnabled=false, rotatable=false, mobileEmulationEnabled=false, networkConnectionEnabled=false, chrome={chromedriverVersion=2.28.455520 (cc17746adff54984afff480136733114c6b3704b), userDataDir=C:\Users\ARTUR~1.PET\AppData\Local\Temp\scoped_dir9072_9901}, takesHeapSnapshot=true, pageLoadStrategy=normal, databaseEnabled=false, handlesAlerts=true, hasTouchScreen=false, version=57.0.2987.98, platform=XP, browserConnectionEnabled=false, nativeEvents=true, acceptSslCerts=true, locationContextEnabled=true, webStorageEnabled=true, browserName=chrome, takesScreenshot=true, javascriptEnabled=true, cssSelectorsEnabled=true, unexpectedAlertBehaviour=}]
Session ID: 464e8626a7bea20cb1687bf5c23b301f
*** Element info: {Using=id, value=login-username}" type="org.openqa.selenium.NoSuchWindowException">org.openqa.selenium.NoSuchWindowException: no such window: target window already closed
from unknown error: web view not found
  (Session info: chrome=57.0.2987.98)
  (Driver info: chromedriver=2.28.455520 (cc17746adff54984afff480136733114c6b3704b),platform=Windows NT 6.1.7601 SP1 x86_64) (WARNING: The server did not provide any stacktrace information)
Command duration or timeout: 1 milliseconds
Build info: version: &apos;2.53.1&apos;, revision: &apos;a36b8b1cd5757287168e54b817830adce9b0158d&apos;, time: &apos;2016-06-30 19:26:09&apos;
System info: host: &apos;artur-petin&apos;, ip: &apos;192.168.5.182&apos;, os.name: &apos;Windows 7&apos;, os.arch: &apos;amd64&apos;, os.version: &apos;6.1&apos;, java.version: &apos;1.8.0_101&apos;
Driver info: org.openqa.selenium.chrome.ChromeDriver
Capabilities [{applicationCacheEnabled=false, rotatable=false, mobileEmulationEnabled=false, networkConnectionEnabled=false, chrome={chromedriverVersion=2.28.455520 (cc17746adff54984afff480136733114c6b3704b), userDataDir=C:\Users\ARTUR~1.PET\AppData\Local\Temp\scoped_dir9072_9901}, takesHeapSnapshot=true, pageLoadStrategy=normal, databaseEnabled=false, handlesAlerts=true, hasTouchScreen=false, version=57.0.2987.98, platform=XP, browserConnectionEnabled=false, nativeEvents=true, acceptSslCerts=true, locationContextEnabled=true, webStorageEnabled=true, browserName=chrome, takesScreenshot=true, javascriptEnabled=true, cssSelectorsEnabled=true, unexpectedAlertBehaviour=}]
Session ID: 464e8626a7bea20cb1687bf5c23b301f
*** Element info: {Using=id, value=login-username}
	at sun.reflect.NativeConstructorAccessorImpl.newInstance0(Native Method)
	at sun.reflect.NativeConstructorAccessorImpl.newInstance(NativeConstructorAccessorImpl.java:62)
	at sun.reflect.DelegatingConstructorAccessorImpl.newInstance(DelegatingConstructorAccessorImpl.java:45)
	at java.lang.reflect.Constructor.newInstance(Constructor.java:423)
	at org.openqa.selenium.remote.ErrorHandler.createThrowable(ErrorHandler.java:206)
	at org.openqa.selenium.remote.ErrorHandler.throwIfResponseFailed(ErrorHandler.java:158)
	at org.openqa.selenium.remote.RemoteWebDriver.execute(RemoteWebDriver.java:678)
	at org.openqa.selenium.remote.RemoteWebDriver.findElement(RemoteWebDriver.java:363)
	at org.openqa.selenium.remote.RemoteWebDriver.findElementById(RemoteWebDriver.java:413)
	at org.openqa.selenium.By$ById.findElement(By.java:218)
	at org.openqa.selenium.remote.RemoteWebDriver.findElement(RemoteWebDriver.java:355)
	at ru.stqa.pft.statr.appmanager.ApplicationManager.login(ApplicationManager.java:69)
	at ru.stqa.pft.statr.appmanager.ApplicationManager.init(ApplicationManager.java:64)
	at ru.stqa.pft.statr.tests.TestBase.setUp(TestBase.java:18)
	at sun.reflect.NativeMethodAccessorImpl.invoke0(Native Method)
	at sun.reflect.NativeMethodAccessorImpl.invoke(NativeMethodAccessorImpl.java:62)
	at sun.reflect.DelegatingMethodAccessorImpl.invoke(DelegatingMethodAccessorImpl.java:43)
	at java.lang.reflect.Method.invoke(Method.java:498)
	at org.testng.internal.MethodInvocationHelper.invokeMethod(MethodInvocationHelper.java:80)
	at org.testng.internal.Invoker.invokeConfigurationMethod(Invoker.java:564)
	at org.testng.internal.Invoker.invokeConfigurations(Invoker.java:213)
	at org.testng.internal.Invoker.invokeMethod(Invoker.java:653)
	at org.testng.internal.Invoker.invokeTestMethod(Invoker.java:901)
	at org.testng.internal.Invoker.invokeTestMethods(Invoker.java:1231)
	at org.testng.internal.TestMethodWorker.invokeTestMethods(TestMethodWorker.java:127)
	at org.testng.internal.TestMethodWorker.run(TestMethodWorker.java:111)
	at org.testng.TestRunner.privateRun(TestRunner.java:767)
	at org.testng.TestRunner.run(TestRunner.java:617)
	at org.testng.SuiteRunner.runTest(SuiteRunner.java:334)
	at org.testng.SuiteRunner.runSequentially(SuiteRunner.java:329)
	at org.testng.SuiteRunner.privateRun(SuiteRunner.java:291)
	at org.testng.SuiteRunner.run(SuiteRunner.java:240)
	at org.testng.SuiteRunnerWorker.runSuite(SuiteRunnerWorker.java:52)
	at org.testng.SuiteRunnerWorker.run(SuiteRunnerWorker.java:86)
	at org.testng.TestNG.runSuitesSequentially(TestNG.java:1198)
	at org.testng.TestNG.runSuitesLocally(TestNG.java:1123)
	at org.testng.TestNG.run(TestNG.java:1031)
	at org.apache.maven.surefire.testng.TestNGExecutor.run(TestNGExecutor.java:77)
	at org.apache.maven.surefire.testng.TestNGDirectoryTestSuite.executeMulti(TestNGDirectoryTestSuite.java:159)
	at org.apache.maven.surefire.testng.TestNGDirectoryTestSuite.execute(TestNGDirectoryTestSuite.java:99)
	at org.apache.maven.surefire.testng.TestNGProvider.invoke(TestNGProvider.java:106)
	at sun.reflect.NativeMethodAccessorImpl.invoke0(Native Method)
	at sun.reflect.NativeMethodAccessorImpl.invoke(NativeMethodAccessorImpl.java:62)
	at sun.reflect.DelegatingMethodAccessorImpl.invoke(DelegatingMethodAccessorImpl.java:43)
	at java.lang.reflect.Method.invoke(Method.java:498)
	at org.apache.maven.surefire.util.ReflectionUtils.invokeMethodWithArray(ReflectionUtils.java:189)
	at org.apache.maven.surefire.booter.ProviderFactory$ProviderProxy.invoke(ProviderFactory.java:165)
	at org.apache.maven.surefire.booter.ProviderFactory.invokeProvider(ProviderFactory.java:85)
	at org.apache.maven.surefire.booter.ForkedBooter.runSuitesInProcess(ForkedBooter.java:115)
	at org.apache.maven.surefire.booter.ForkedBooter.main(ForkedBooter.java:75)
</failure>
    <system-err>Starting ChromeDriver 2.28.455520 (cc17746adff54984afff480136733114c6b3704b) on port 5362
Only local connections are allowed.
</system-err>
  </testcase>
  <testcase classname="ru.stqa.pft.statr.tests.testforms.TestEighteen" name="testStatistics" time="0">
    <skipped/>
  </testcase>
  <testcase classname="ru.stqa.pft.statr.tests.testforms.TestEighteen" name="tearDown" time="0">
    <skipped/>
  </testcase>
  <testcase classname="ru.stqa.pft.statr.tests.testforms.TestEleven" name="setUp" time="0">
    <skipped/>
  </testcase>
  <testcase classname="ru.stqa.pft.statr.tests.testforms.TestEleven" name="testStatistics" time="0">
    <skipped/>
  </testcase>
  <testcase classname="ru.stqa.pft.statr.tests.testforms.TestEleven" name="tearDown" time="0">
    <skipped/>
  </testcase>
  <testcase classname="ru.stqa.pft.statr.tests.testforms.TestFifteen" name="setUp" time="0">
    <skipped/>
  </testcase>
  <testcase classname="ru.stqa.pft.statr.tests.testforms.TestFifteen" name="testStatistics" time="0">
    <skipped/>
  </testcase>
  <testcase classname="ru.stqa.pft.statr.tests.testforms.TestFifteen" name="tearDown" time="0">
    <skipped/>
  </testcase>
  <testcase classname="ru.stqa.pft.statr.tests.testforms.TestFive" name="setUp" time="0">
    <skipped/>
  </testcase>
  <testcase classname="ru.stqa.pft.statr.tests.testforms.TestFive" name="testStatistics" time="0">
    <skipped/>
  </testcase>
  <testcase classname="ru.stqa.pft.statr.tests.testforms.TestFive" name="tearDown" time="0">
    <skipped/>
  </testcase>
  <testcase classname="ru.stqa.pft.statr.tests.testforms.TestFour" name="setUp" time="0">
    <skipped/>
  </testcase>
  <testcase classname="ru.stqa.pft.statr.tests.testforms.TestFour" name="testStatistics" time="0">
    <skipped/>
  </testcase>
  <testcase classname="ru.stqa.pft.statr.tests.testforms.TestFour" name="tearDown" time="0">
    <skipped/>
  </testcase>
  <testcase classname="ru.stqa.pft.statr.tests.testforms.TestFourteen" name="setUp" time="0">
    <skipped/>
  </testcase>
  <testcase classname="ru.stqa.pft.statr.tests.testforms.TestFourteen" name="testStatistics" time="0">
    <skipped/>
  </testcase>
  <testcase classname="ru.stqa.pft.statr.tests.testforms.TestFourteen" name="tearDown" time="0.002">
    <skipped/>
  </testcase>
  <testcase classname="ru.stqa.pft.statr.tests.GenDocument.TestGenDocument" name="setUp" time="0.002">
    <skipped/>
  </testcase>
  <testcase classname="ru.stqa.pft.statr.tests.GenDocument.TestGenDocument" name="testGenDocument" time="0.019">
    <skipped/>
  </testcase>
  <testcase classname="ru.stqa.pft.statr.tests.GenDocument.TestGenDocument" name="tearDown" time="0.019">
    <skipped/>
  </testcase>
  <testcase classname="ru.stqa.pft.statr.tests.testforms.TestNine" name="setUp" time="0.019">
    <skipped/>
  </testcase>
  <testcase classname="ru.stqa.pft.statr.tests.testforms.TestNine" name="testStatistics" time="0">
    <skipped/>
  </testcase>
  <testcase classname="ru.stqa.pft.statr.tests.testforms.TestNine" name="tearDown" time="0">
    <skipped/>
  </testcase>
  <testcase classname="ru.stqa.pft.statr.tests.testforms.TestOne" name="setUp" time="0">
    <skipped/>
  </testcase>
  <testcase classname="ru.stqa.pft.statr.tests.testforms.TestOne" name="testStatistics" time="0">
    <skipped/>
  </testcase>
  <testcase classname="ru.stqa.pft.statr.tests.testforms.TestOne" name="tearDown" time="0">
    <skipped/>
  </testcase>
  <testcase classname="ru.stqa.pft.statr.tests.Reference.TestReference" name="setUp" time="0">
    <skipped/>
  </testcase>
  <testcase classname="ru.stqa.pft.statr.tests.Reference.TestReference" name="testReference" time="0">
    <skipped/>
  </testcase>
  <testcase classname="ru.stqa.pft.statr.tests.Reference.TestReference" name="tearDown" time="0">
    <skipped/>
  </testcase>
  <testcase classname="ru.stqa.pft.statr.tests.testforms.TestSeven" name="setUp" time="0">
    <skipped/>
  </testcase>
  <testcase classname="ru.stqa.pft.statr.tests.testforms.TestSeven" name="testStatistics" time="0">
    <skipped/>
  </testcase>
  <testcase classname="ru.stqa.pft.statr.tests.testforms.TestSeven" name="tearDown" time="0">
    <skipped/>
  </testcase>
  <testcase classname="ru.stqa.pft.statr.tests.testforms.TestSeventeen" name="setUp" time="0">
    <skipped/>
  </testcase>
  <testcase classname="ru.stqa.pft.statr.tests.testforms.TestSeventeen" name="testStatistics" time="0">
    <skipped/>
  </testcase>
  <testcase classname="ru.stqa.pft.statr.tests.testforms.TestSeventeen" name="tearDown" time="0">
    <skipped/>
  </testcase>
  <testcase classname="ru.stqa.pft.statr.tests.testforms.TestSix" name="setUp" time="0">
    <skipped/>
  </testcase>
  <testcase classname="ru.stqa.pft.statr.tests.testforms.TestSix" name="testStatistics" time="0">
    <skipped/>
  </testcase>
  <testcase classname="ru.stqa.pft.statr.tests.testforms.TestSix" name="tearDown" time="0">
    <skipped/>
  </testcase>
  <testcase classname="ru.stqa.pft.statr.tests.testforms.TestSixteen" name="setUp" time="0">
    <skipped/>
  </testcase>
  <testcase classname="ru.stqa.pft.statr.tests.testforms.TestSixteen" name="testStatistics" time="0">
    <skipped/>
  </testcase>
  <testcase classname="ru.stqa.pft.statr.tests.testforms.TestSixteen" name="tearDown" time="0">
    <skipped/>
  </testcase>
  <testcase classname="ru.stqa.pft.statr.tests.status.TestStatus" name="setUp" time="0">
    <skipped/>
  </testcase>
  <testcase classname="ru.stqa.pft.statr.tests.status.TestStatus" name="testStatus" time="0">
    <skipped/>
  </testcase>
  <testcase classname="ru.stqa.pft.statr.tests.status.TestStatus" name="tearDown" time="0.014">
    <skipped/>
  </testcase>
  <testcase classname="ru.stqa.pft.statr.tests.testforms.TestTen" name="setUp" time="0.014">
    <skipped/>
  </testcase>
  <testcase classname="ru.stqa.pft.statr.tests.testforms.TestTen" name="testStatistics" time="0">
    <skipped/>
  </testcase>
  <testcase classname="ru.stqa.pft.statr.tests.testforms.TestTen" name="tearDown" time="0">
    <skipped/>
  </testcase>
  <testcase classname="ru.stqa.pft.statr.tests.testforms.TestThirteen" name="setUp" time="0">
    <skipped/>
  </testcase>
  <testcase classname="ru.stqa.pft.statr.tests.testforms.TestThirteen" name="testStatistics" time="0">
    <skipped/>
  </testcase>
  <testcase classname="ru.stqa.pft.statr.tests.testforms.TestThirteen" name="tearDown" time="0">
    <skipped/>
  </testcase>
  <testcase classname="ru.stqa.pft.statr.tests.testforms.TestThree" name="setUp" time="0">
    <skipped/>
  </testcase>
  <testcase classname="ru.stqa.pft.statr.tests.testforms.TestThree" name="testStatistics" time="0">
    <skipped/>
  </testcase>
  <testcase classname="ru.stqa.pft.statr.tests.testforms.TestThree" name="tearDown" time="0">
    <skipped/>
  </testcase>
  <testcase classname="ru.stqa.pft.statr.tests.testforms.TestTwelve" name="setUp" time="0">
    <skipped/>
  </testcase>
  <testcase classname="ru.stqa.pft.statr.tests.testforms.TestTwelve" name="testStatistics" time="0">
    <skipped/>
  </testcase>
  <testcase classname="ru.stqa.pft.statr.tests.testforms.TestTwelve" name="tearDown" time="0">
    <skipped/>
  </testcase>
  <testcase classname="ru.stqa.pft.statr.tests.testforms.TestTwo" name="setUp" time="0">
    <skipped/>
  </testcase>
  <testcase classname="ru.stqa.pft.statr.tests.testforms.TestTwo" name="testStatistics" time="0">
    <skipped/>
  </testcase>
  <testcase classname="ru.stqa.pft.statr.tests.testforms.TestTwo" name="tearDown" time="0.001">
    <skipped/>
  </testcase>
  <testcase classname="ru.stqa.pft.statr.tests.usergroup.TestUserGroup" name="setUp" time="0.001">
    <skipped/>
  </testcase>
  <testcase classname="ru.stqa.pft.statr.tests.usergroup.TestUserGroup" name="testUserGroup" time="0">
    <skipped/>
  </testcase>
  <testcase classname="ru.stqa.pft.statr.tests.usergroup.TestUserGroup" name="tearDown" time="0">
    <skipped/>
  </testcase>
  <testcase classname="ru.stqa.pft.statr.tests.testuser.TestUsers" name="setUp" time="0">
    <skipped/>
  </testcase>
  <testcase classname="ru.stqa.pft.statr.tests.testuser.TestUsers" name="testUsers" time="0">
    <skipped/>
  </testcase>
  <testcase classname="ru.stqa.pft.statr.tests.testuser.TestUsers" name="tearDown" time="0">
    <skipped/>
  </testcase>
  <testcase classname="ru.stqa.pft.statr.tests.Reference.znachReference.TestZnachRaference" name="setUp" time="0">
    <skipped/>
  </testcase>
  <testcase classname="ru.stqa.pft.statr.tests.Reference.znachReference.TestZnachRaference" name="testReference" time="0">
    <skipped/>
  </testcase>
  <testcase classname="ru.stqa.pft.statr.tests.Reference.znachReference.TestZnachRaference" name="tearDown" time="0.035">
    <skipped/>
  </testcase>
</testsuite>