-------------------------------------------------------------------------------
Test set: TestSuite
-------------------------------------------------------------------------------
Tests run: 43, Failures: 12, Errors: 0, Skipped: 29, Time elapsed: 968.04 sec <<< FAILURE!
testCurrentSituation(ru.stqa.pft.statr.tests.TestCurrentSituation)  Time elapsed: 3.299 sec  <<< FAILURE!
java.lang.AssertionError: expected [true] but found [false]
	at org.testng.Assert.fail(Assert.java:93)
	at org.testng.Assert.failNotEquals(Assert.java:512)
	at org.testng.Assert.assertTrue(Assert.java:41)
	at org.testng.Assert.assertTrue(Assert.java:51)
	at ru.stqa.pft.statr.appmanager.ApplicationManager.vereficryCurrentSituatuin(ApplicationManager.java:109)
	at ru.stqa.pft.statr.tests.TestCurrentSituation.testCurrentSituation(TestCurrentSituation.java:13)

testOpen(ru.stqa.pft.statr.tests.Form.TestForms)  Time elapsed: 46.261 sec  <<< FAILURE!
java.lang.NullPointerException
	at ru.stqa.pft.statr.appmanager.ApplicationManager.goToFormPage(ApplicationManager.java:136)
	at ru.stqa.pft.statr.tests.Form.TestForms.testOpen(TestForms.java:11)

testGenDocument(ru.stqa.pft.statr.tests.GenDocument.TestGenDocument)  Time elapsed: 454.146 sec  <<< FAILURE!
java.lang.NullPointerException
	at ru.stqa.pft.statr.appmanager.ApplicationManager.goToGenDocument(ApplicationManager.java:144)
	at ru.stqa.pft.statr.tests.GenDocument.TestGenDocument.testGenDocument(TestGenDocument.java:13)

testGenReports(ru.stqa.pft.statr.tests.GenReports.TestGenReports)  Time elapsed: 21.927 sec  <<< FAILURE!
java.lang.NullPointerException
	at ru.stqa.pft.statr.appmanager.ApplicationManager.goToGenReports(ApplicationManager.java:667)
	at ru.stqa.pft.statr.tests.GenReports.TestGenReports.testGenReports(TestGenReports.java:9)

testStatistics(ru.stqa.pft.statr.tests.testforms.TestEighteen)  Time elapsed: 38.132 sec  <<< FAILURE!
java.lang.NullPointerException
	at ru.stqa.pft.statr.appmanager.ApplicationManager.proverka280(ApplicationManager.java:476)
	at ru.stqa.pft.statr.tests.testforms.TestEighteen.testStatistics(TestEighteen.java:14)

testReference(ru.stqa.pft.statr.tests.Reference.TestReference)  Time elapsed: 44.954 sec  <<< FAILURE!
java.lang.NullPointerException
	at ru.stqa.pft.statr.appmanager.ApplicationManager.goToReference(ApplicationManager.java:121)
	at ru.stqa.pft.statr.tests.Reference.TestReference.testReference(TestReference.java:12)

testStatistics(ru.stqa.pft.statr.tests.testforms.TestEleven)  Time elapsed: 90.619 sec  <<< FAILURE!
java.lang.NullPointerException
	at ru.stqa.pft.statr.appmanager.ApplicationManager.proverka244(ApplicationManager.java:356)
	at ru.stqa.pft.statr.tests.testforms.TestEleven.testStatistics(TestEleven.java:14)

testStatus(ru.stqa.pft.statr.tests.status.TestStatus)  Time elapsed: 10.686 sec  <<< FAILURE!
java.lang.NullPointerException
	at ru.stqa.pft.statr.appmanager.ApplicationManager.goToStatus(ApplicationManager.java:118)
	at ru.stqa.pft.statr.tests.status.TestStatus.testStatus(TestStatus.java:13)

testStatistics(ru.stqa.pft.statr.tests.testforms.TestFifteen)  Time elapsed: 93.251 sec  <<< FAILURE!
java.lang.NullPointerException
	at ru.stqa.pft.statr.appmanager.ApplicationManager.proverka251(ApplicationManager.java:428)
	at ru.stqa.pft.statr.tests.testforms.TestFifteen.testStatistics(TestFifteen.java:14)

testStatistics(ru.stqa.pft.statr.tests.testforms.TestFive)  Time elapsed: 26.512 sec  <<< FAILURE!
java.lang.NullPointerException
	at ru.stqa.pft.statr.appmanager.ApplicationManager.proverka070(ApplicationManager.java:260)
	at ru.stqa.pft.statr.tests.testforms.TestFive.testStatistics(TestFive.java:14)

testStatistics(ru.stqa.pft.statr.tests.testforms.TestFour)  Time elapsed: 36.909 sec  <<< FAILURE!
java.lang.NullPointerException
	at ru.stqa.pft.statr.appmanager.ApplicationManager.proverka064(ApplicationManager.java:244)
	at ru.stqa.pft.statr.tests.testforms.TestFour.testStatistics(TestFour.java:14)

setUp(ru.stqa.pft.statr.tests.testforms.TestFourteen)  Time elapsed: 42.478 sec  <<< FAILURE!
org.openqa.selenium.WebDriverException: unknown error: Element <button ng-disabled="user.user.length <= 0 || user.pwd.length <= 0 || logining" style="margin-right: 5px;" type="submit" id="btn-login" href="#" class="btn btn-success pull-right">...</button> is not clickable at point (1346, 266). Other element would receive the click: <form id="loginform" class="form-horizontal ng-valid ng-dirty ng-valid-parse" role="form" ng-submit="submit()">...</form>
  (Session info: chrome=57.0.2987.98)
  (Driver info: chromedriver=2.28.455520 (cc17746adff54984afff480136733114c6b3704b),platform=Windows NT 6.1.7601 SP1 x86_64) (WARNING: The server did not provide any stacktrace information)
Command duration or timeout: 87 milliseconds
Build info: version: '3.4.0', revision: 'unknown', time: 'unknown'
System info: host: 'ARTUR-PETIN', ip: '192.168.5.182', os.name: 'Windows 7', os.arch: 'amd64', os.version: '6.1', java.version: '1.8.0_101'
Driver info: org.openqa.selenium.chrome.ChromeDriver
Capabilities [{applicationCacheEnabled=false, rotatable=false, mobileEmulationEnabled=false, networkConnectionEnabled=false, chrome={chromedriverVersion=2.28.455520 (cc17746adff54984afff480136733114c6b3704b), userDataDir=C:\Users\ARTUR~1.PET\AppData\Local\Temp\scoped_dir4684_30166}, takesHeapSnapshot=true, pageLoadStrategy=normal, databaseEnabled=false, handlesAlerts=true, hasTouchScreen=false, version=57.0.2987.98, platform=XP, browserConnectionEnabled=false, nativeEvents=true, acceptSslCerts=true, locationContextEnabled=true, webStorageEnabled=true, browserName=chrome, takesScreenshot=true, javascriptEnabled=true, cssSelectorsEnabled=true, unexpectedAlertBehaviour=}]
Session ID: 1a33e46b6acb2e286bbe87b3c13aae5a
	at sun.reflect.NativeConstructorAccessorImpl.newInstance0(Native Method)
	at sun.reflect.NativeConstructorAccessorImpl.newInstance(NativeConstructorAccessorImpl.java:62)
	at sun.reflect.DelegatingConstructorAccessorImpl.newInstance(DelegatingConstructorAccessorImpl.java:45)
	at java.lang.reflect.Constructor.newInstance(Constructor.java:423)
	at org.openqa.selenium.remote.ErrorHandler.createThrowable(ErrorHandler.java:215)
	at org.openqa.selenium.remote.ErrorHandler.throwIfResponseFailed(ErrorHandler.java:167)
	at org.openqa.selenium.remote.RemoteWebDriver.execute(RemoteWebDriver.java:671)
	at org.openqa.selenium.remote.RemoteWebElement.execute(RemoteWebElement.java:272)
	at org.openqa.selenium.remote.RemoteWebElement.click(RemoteWebElement.java:82)
	at ru.stqa.pft.statr.appmanager.ApplicationManager.login(ApplicationManager.java:96)
	at ru.stqa.pft.statr.appmanager.ApplicationManager.init(ApplicationManager.java:85)
	at ru.stqa.pft.statr.tests.TestBase.setUp(TestBase.java:18)
	at sun.reflect.NativeMethodAccessorImpl.invoke0(Native Method)
	at sun.reflect.NativeMethodAccessorImpl.invoke(NativeMethodAccessorImpl.java:62)
	at sun.reflect.DelegatingMethodAccessorImpl.invoke(DelegatingMethodAccessorImpl.java:43)
	at java.lang.reflect.Method.invoke(Method.java:498)
	at org.testng.internal.MethodInvocationHelper.invokeMethod(MethodInvocationHelper.java:108)
	at org.testng.internal.Invoker.invokeConfigurationMethod(Invoker.java:523)
	at org.testng.internal.Invoker.invokeConfigurations(Invoker.java:224)
	at org.testng.internal.Invoker.invokeMethod(Invoker.java:599)
	at org.testng.internal.Invoker.invokeTestMethod(Invoker.java:869)
	at org.testng.internal.Invoker.invokeTestMethods(Invoker.java:1193)
	at org.testng.internal.TestMethodWorker.invokeTestMethods(TestMethodWorker.java:126)
	at org.testng.internal.TestMethodWorker.run(TestMethodWorker.java:109)
	at org.testng.TestRunner.privateRun(TestRunner.java:744)
	at org.testng.TestRunner.run(TestRunner.java:602)
	at org.testng.SuiteRunner.runTest(SuiteRunner.java:380)
	at org.testng.SuiteRunner.runSequentially(SuiteRunner.java:375)
	at org.testng.SuiteRunner.privateRun(SuiteRunner.java:340)
	at org.testng.SuiteRunner.run(SuiteRunner.java:289)
	at org.testng.SuiteRunnerWorker.runSuite(SuiteRunnerWorker.java:52)
	at org.testng.SuiteRunnerWorker.run(SuiteRunnerWorker.java:86)
	at org.testng.TestNG.runSuitesSequentially(TestNG.java:1301)
	at org.testng.TestNG.runSuitesLocally(TestNG.java:1226)
	at org.testng.TestNG.runSuites(TestNG.java:1144)
	at org.testng.TestNG.run(TestNG.java:1115)
	at org.apache.maven.surefire.testng.TestNGExecutor.run(TestNGExecutor.java:77)
	at org.apache.maven.surefire.testng.TestNGDirectoryTestSuite.executeMulti(TestNGDirectoryTestSuite.java:159)
	at org.apache.maven.surefire.testng.TestNGDirectoryTestSuite.execute(TestNGDirectoryTestSuite.java:99)
	at org.apache.maven.surefire.testng.TestNGProvider.invoke(TestNGProvider.java:106)
	at sun.reflect.NativeMethodAccessorImpl.invoke0(Native Method)
	at sun.reflect.NativeMethodAccessorImpl.invoke(NativeMethodAccessorImpl.java:62)
	at sun.reflect.DelegatingMethodAccessorImpl.invoke(DelegatingMethodAccessorImpl.java:43)
	at java.lang.reflect.Method.invoke(Method.java:498)
	at org.apache.maven.surefire.util.ReflectionUtils.invokeMethodWithArray(ReflectionUtils.java:189)
	at org.apache.maven.surefire.booter.ProviderFactory$ProviderProxy.invoke(ProviderFactory.java:165)
	at org.apache.maven.surefire.booter.ProviderFactory.invokeProvider(ProviderFactory.java:85)
	at org.apache.maven.surefire.booter.ForkedBooter.runSuitesInProcess(ForkedBooter.java:115)
	at org.apache.maven.surefire.booter.ForkedBooter.main(ForkedBooter.java:75)

